       1 1.556150   0.00000490
       2 3.111232   0.00000490
       3 4.636256   0.00000494
       4 6.203755   0.00000492
       6 9.318715   0.00000491
       8 12.379524   0.00000493
      12 18.520635   0.00000494
      13 20.066207   0.00000494
      16 24.560890   0.00000497
      19 29.009140   0.00000500
      21 32.167126   0.00000498
      24 36.632882   0.00000500
      27 40.980980   0.00000503
      29 44.199523   0.00000501
      32 47.818632   0.00000511
      35 52.225626   0.00000511
      45 66.988035   0.00000513
      48 61.339363   0.00000597
      51 65.093453   0.00000598
      61 77.079842   0.00000604
      64 80.168787   0.00000609
      67 83.968150   0.00000609
      93 114.520926   0.00000620
      96 116.630924   0.00000628
      99 120.276119   0.00000628
     125 150.723845   0.00000633
     128 153.800491   0.00000635
     131 156.851610   0.00000637
     189 218.661755   0.00000659
     192 221.482582   0.00000661
     195 225.260431   0.00000660
     253 286.065295   0.00000675
     256 287.834775   0.00000679
     259 290.080586   0.00000681
     381 401.543300   0.00000724
     384 404.062730   0.00000725
     387 407.797158   0.00000724
     509 503.410447   0.00000771
     512 507.575975   0.00000770
     515 506.454502   0.00000776
     765 685.882287   0.00000851
     768 684.205999   0.00000856
     771 678.454881   0.00000867
    1021 823.469916   0.00000946
    1024 813.457269   0.00000960
    1027 827.206161   0.00000947
    1533 1132.675087   0.00001033
    1536 1143.708347   0.00001025
    1539 1147.613816   0.00001023
    2045 1372.034153   0.00001137
    2048 1384.937389   0.00001128
    2051 1372.347641   0.00001140
    3069 1757.853226   0.00001332
    3072 1756.807541   0.00001334
    3075 1745.981930   0.00001344
    4093 2086.698885   0.00001496
    4096 2025.556463   0.00001543
    4099 2067.510804   0.00001513
    6141 2475.585036   0.00001893
    6144 2493.108390   0.00001880
    6147 2445.104039   0.00001918
    8189 2801.627778   0.00002230
    8192 2757.325323   0.00002267
    8195 2688.060071   0.00002326
   12285 2396.030089   0.00003912
   12288 2341.773924   0.00004003
   12291 2395.945003   0.00003914
   16381 2497.932430   0.00005003
   16384 2552.535592   0.00004897
   16387 2497.573380   0.00005006
   24573 2834.481658   0.00006614
   24576 2798.008112   0.00006701
   24579 2834.628016   0.00006615
   32765 2964.782396   0.00008432
   32768 2997.587914   0.00008340
   32771 2962.832337   0.00008439
   49149 3132.766800   0.00011970
   49152 3122.238211   0.00012011
   49155 3128.995237   0.00011985
   65533 3218.936381   0.00015532
   65536 3234.549640   0.00015458
   65539 3221.609751   0.00015521
   98301 3844.720371   0.00019507
   98304 3824.927430   0.00019608
   98307 3845.195953   0.00019505
  131069 3975.962728   0.00025151
  131072 3998.055989   0.00025012
  131075 3976.151255   0.00025151
  196605 4418.262261   0.00033949
  196608 4410.209244   0.00034012
  196611 4408.526416   0.00034025
  262141 4596.834439   0.00043508
  262144 4588.491658   0.00043587
  262147 4594.695033   0.00043529
  393213 4597.324257   0.00065255
  393216 4591.901111   0.00065332
  393219 4579.843585   0.00065505
  524285 4706.685033   0.00084985
  524288 4730.157439   0.00084564
  524291 4696.628430   0.00085168
  786429 4638.372147   0.00129355
  786432 4641.428255   0.00129271
  786435 4646.798176   0.00129122
 1048573 4776.390739   0.00167490
 1048576 4773.362216   0.00167597
 1048579 4090.785622   0.00195562
 1572861 4134.504179   0.00290240
 1572864 4150.355819   0.00289132
 1572867 4122.673087   0.00291074
 2097149 4251.414302   0.00376345
 2097152 4249.620576   0.00376504
 2097155 4136.008192   0.00386847
 3145725 4261.958593   0.00563121
 3145728 4257.546302   0.00563705
 3145731 4207.112602   0.00570463
 4194301 4269.171597   0.00749559
 4194304 4273.168439   0.00748859
 4194307 4222.667048   0.00757815
 6291453 4312.214104   0.01113117
 6291456 4307.363313   0.01114371
 6291459 4259.286743   0.01126950
 8388605 4278.263420   0.01495934
 8388608 4272.408977   0.01497984
 8388611 4267.859389   0.01499581
