       1 0.019803   0.00038526
       2 0.039570   0.00038561
       3 0.043128   0.00053071
       4 0.057452   0.00053118
       6 0.085733   0.00053394
       8 0.113964   0.00053557
      12 0.135196   0.00067718
      13 0.146071   0.00067900
      16 0.178154   0.00068519
      19 0.210759   0.00068779
      21 0.232349   0.00068956
      24 0.264920   0.00069117
      27 0.246864   0.00083444
      29 0.264385   0.00083686
      32 0.291396   0.00083783
      35 0.317892   0.00084000
      45 0.404985   0.00084774
      48 0.431100   0.00084948
      51 0.456924   0.00085156
      61 0.465889   0.00099893
      64 0.487515   0.00100157
      67 0.509790   0.00100271
      93 0.694773   0.00102125
      96 0.715831   0.00102318
      99 0.736034   0.00102619
     125 0.806129   0.00118303
     128 0.823349   0.00118609
     131 0.841130   0.00118822
     189 1.173720   0.00122853
     192 1.190832   0.00123010
     195 1.207086   0.00123250
     253 1.362336   0.00141686
     256 1.376744   0.00141866
     259 1.392136   0.00141941
     381 1.930314   0.00150587
     384 1.942892   0.00150790
     387 1.955966   0.00150952
     509 2.234705   0.00173775
     512 2.246378   0.00173891
     515 2.256668   0.00174112
     765 3.047240   0.00191534
     768 3.054962   0.00191799
     771 3.062763   0.00192057
    1021 3.481300   0.00223756
    1024 3.490202   0.00223841
    1027 3.496027   0.00224123
    1533 4.512528   0.00259186
    1536 4.519516   0.00259292
    1539 4.523460   0.00259572
    2045 5.047938   0.00309079
    2048 5.052234   0.00309269
    2051 5.058416   0.00309344
    3069 6.157688   0.00380250
    3072 6.159614   0.00380503
    3075 6.163244   0.00380650
    4093 6.685775   0.00467068
    4096 6.686272   0.00467376
    4099 6.689310   0.00467505
    6141 7.698081   0.00608621
    6144 7.701148   0.00608675
    6147 7.698335   0.00609195
    8189 8.159600   0.00765688
    8192 8.159892   0.00765942
    8195 8.162795   0.00765949
   12285 8.941794   0.01048191
   12288 8.944961   0.01048076
   12291 8.946941   0.01048100
   16381 9.296135   0.01344399
   16384 9.295420   0.01344748
   16387 9.305068   0.01343600
   24573 9.829364   0.01907317
   24576 9.829274   0.01907567
   24579 9.831498   0.01907369
   32765 10.050148   0.02487298
   32768 10.027471   0.02493151
   32771 10.055217   0.02486499
   49149 10.382095   0.03611767
   49152 10.383117   0.03611632
   49155 10.381112   0.03612550
   65533 10.513623   0.04755517
   65536 10.514254   0.04755449
   65539 10.512969   0.04756248
   98301 10.700357   0.07008898
   98304 10.700556   0.07008982
   98307 10.700270   0.07009383
  131069 10.767125   0.09287318
  131072 10.767510   0.09287198
  131075 10.766632   0.09288168
  196605 10.882478   0.13783415
  196608 10.603116   0.14146785
  196611 10.881402   0.13785199
  262141 10.897592   0.18352469
  262144 10.903115   0.18343381
  262147 10.904468   0.18341315
  393213 10.967902   0.27352333
  393216 10.969944   0.27347449
  393219 10.969647   0.27348399
  524285 10.970939   0.36459752
  524288 10.970923   0.36460014
  524291 10.970929   0.36460201
  786429 11.012150   0.54485067
  786432 11.011851   0.54486752
  786435 11.015610   0.54468366
 1048573 10.956998   0.73012487
 1048576 10.976542   0.72882700
 1048579 10.974227   0.72898285
 1572861 11.016027   1.08931983
 1572864 11.014845   1.08943884
 1572867 11.015619   1.08936437
