       1 1.484371   0.00000514
       2 2.892819   0.00000527
       3 4.248024   0.00000539
       4 5.599959   0.00000545
       6 8.135686   0.00000563
       8 10.451068   0.00000584
      12 14.650568   0.00000625
      13 15.688523   0.00000632
      16 18.449358   0.00000662
      19 21.068626   0.00000688
      21 22.748535   0.00000704
      24 24.977734   0.00000733
      27 26.991881   0.00000763
      29 28.434248   0.00000778
      32 29.933451   0.00000816
      35 31.700042   0.00000842
      45 36.802044   0.00000933
      48 35.013712   0.00001046
      51 36.368104   0.00001070
      61 39.943385   0.00001165
      64 40.679742   0.00001200
      67 41.715180   0.00001225
      93 48.442259   0.00001465
      96 48.574781   0.00001508
      99 49.457403   0.00001527
     125 53.931923   0.00001768
     128 54.602428   0.00001788
     131 54.788430   0.00001824
     189 61.135732   0.00002359
     192 61.275969   0.00002391
     195 61.643388   0.00002413
     253 65.341229   0.00002954
     256 65.614348   0.00002977
     259 65.598851   0.00003012
     381 70.215489   0.00004140
     384 70.273012   0.00004169
     387 70.381326   0.00004195
     509 72.856709   0.00005330
     512 72.946976   0.00005355
     515 72.963768   0.00005385
     765 75.846361   0.00007695
     768 75.785003   0.00007732
     771 75.875161   0.00007753
    1021 77.227833   0.00010087
    1024 77.325941   0.00010103
    1027 77.313645   0.00010135
    1533 79.444085   0.00014722
    1536 79.444961   0.00014751
    1539 79.495800   0.00014770
    2045 80.396819   0.00019406
    2048 80.455675   0.00019421
    2051 80.438277   0.00019453
    3069 81.459775   0.00028744
    3072 81.477049   0.00028766
    3075 81.483672   0.00028792
    4093 82.012890   0.00038076
    4096 82.047416   0.00038088
    4099 82.028333   0.00038124
    6141 82.632205   0.00056700
    6144 82.618343   0.00056737
    6147 82.635089   0.00056753
    8189 82.890175   0.00075373
    8192 82.913827   0.00075379
    8195 82.897512   0.00075422
   12285 83.175862   0.00112685
   12288 83.169749   0.00112721
   12291 83.200792   0.00112707
   16381 95.388672   0.00131019
   16384 95.412286   0.00131010
   16387 95.398004   0.00131054
   24573 108.974951   0.00172037
   24576 108.965802   0.00172072
   24579 108.990032   0.00172055
   32765 101.248355   0.00246895
   32768 101.057095   0.00247385
   32771 101.022535   0.00247492
   49149 94.399167   0.00397225
   49152 94.377562   0.00397340
   49155 94.381729   0.00397347
   65533 91.381459   0.00547132
   65536 91.363912   0.00547262
   65539 91.358807   0.00547318
   98301 99.821546   0.00751318
   98304 99.843580   0.00751175
   98307 99.840884   0.00751218
  131069 111.255522   0.00898811
  131072 111.318823   0.00898321
  131075 111.279137   0.00898662
  196605 125.429838   0.01195869
  196608 125.435003   0.01195838
  196611 125.434416   0.01195862
  262141 133.997151   0.01492552
  262144 134.130811   0.01491082
  262147 134.006283   0.01492484
  393213 143.806625   0.02086119
  393216 143.801969   0.02086202
  393219 143.805532   0.02086167
  524285 149.249134   0.02680067
  524288 149.499130   0.02675601
  524291 149.656680   0.02672799
  786429 151.705411   0.03955019
  786432 151.845583   0.03951383
  786435 150.233984   0.03993785
 1048573 153.232822   0.05220799
 1048576 153.241542   0.05220517
 1048579 153.336518   0.05217298
 1572861 162.629583   0.07378717
 1572864 162.624025   0.07378983
 1572867 162.625824   0.07378916
 2097149 161.961354   0.09878886
 2097152 161.963019   0.09878798
 2097155 161.961882   0.09878882
 3145725 166.269112   0.14434417
 3145728 166.267348   0.14434584
 3145731 166.275563   0.14433885
 4194301 167.216394   0.19136866
 4194304 167.208215   0.19137816
 4194307 166.595939   0.19208165
 6291453 166.463125   0.28835201
 6291456 167.089715   0.28727082
 6291459 167.327938   0.28686198
 8388605 168.641041   0.37950416
 8388608 168.646204   0.37949268
 8388611 168.644499   0.37949665
