       1 1.500386   0.00000508
       2 2.946861   0.00000518
       3 4.328129   0.00000529
       4 5.680687   0.00000537
       6 8.279837   0.00000553
       8 10.620375   0.00000575
      12 14.833338   0.00000617
      13 15.869697   0.00000625
      16 18.662619   0.00000654
      19 21.290201   0.00000681
      21 23.044685   0.00000695
      24 25.244857   0.00000725
      27 27.230274   0.00000756
      29 28.694812   0.00000771
      32 30.235393   0.00000807
      35 32.012512   0.00000834
      45 37.051923   0.00000927
      48 35.137933   0.00001042
      51 36.378442   0.00001070
      61 40.020536   0.00001163
      64 40.739109   0.00001199
      67 41.771341   0.00001224
      93 48.254142   0.00001470
      96 48.358716   0.00001515
      99 49.207675   0.00001535
     125 53.998148   0.00001766
     128 54.321093   0.00001798
     131 54.732022   0.00001826
     189 60.983186   0.00002365
     192 61.113296   0.00002397
     195 61.363089   0.00002424
     253 65.146921   0.00002963
     256 65.106144   0.00003000
     259 65.199301   0.00003031
     381 69.770319   0.00004166
     384 69.779897   0.00004198
     387 69.837263   0.00004228
     509 72.376345   0.00005366
     512 72.306878   0.00005402
     515 72.380826   0.00005428
     765 75.184275   0.00007763
     768 75.142572   0.00007798
     771 75.161956   0.00007826
    1021 76.622054   0.00010166
    1024 76.616894   0.00010197
    1027 76.639170   0.00010224
    1533 78.688710   0.00014863
    1536 78.709541   0.00014889
    1539 78.693374   0.00014921
    2045 79.676913   0.00019582
    2048 79.665163   0.00019613
    2051 79.663945   0.00019642
    3069 80.657680   0.00029030
    3072 80.674362   0.00029052
    3075 80.693141   0.00029074
    4093 81.208197   0.00038453
    4096 81.193429   0.00038488
    4099 81.203764   0.00038512
    6141 81.788991   0.00057284
    6144 81.974620   0.00057182
    6147 81.976342   0.00057209
    8189 82.253404   0.00075957
    8192 82.235103   0.00076002
    8195 82.241205   0.00076024
   12285 82.613735   0.00113452
   12288 82.599727   0.00113499
   12291 82.635605   0.00113478
   16381 94.672234   0.00132010
   16384 94.705665   0.00131988
   16387 94.679556   0.00132048
   24573 108.550580   0.00172709
   24576 108.528530   0.00172766
   24579 108.536654   0.00172774
   32765 100.844219   0.00247884
   32768 100.839887   0.00247918
   32771 100.836028   0.00247950
   49149 94.147423   0.00398287
   49152 94.133095   0.00398372
   49155 94.149934   0.00398325
   65533 91.092434   0.00548868
   65536 91.118895   0.00548734
   65539 91.126806   0.00548711
   98301 99.506829   0.00753694
   98304 99.503287   0.00753744
   98307 99.508881   0.00753725
  131069 110.845352   0.00902137
  131072 110.852503   0.00902100
  131075 110.829264   0.00902309
  196605 125.039700   0.01199601
  196608 125.049064   0.01199529
  196611 125.058180   0.01199460
  262141 133.655552   0.01496367
  262144 133.643595   0.01496518
  262147 133.648318   0.01496482
  393213 143.412709   0.02091849
  393216 143.416255   0.02091813
  393219 143.399916   0.02092067
  524285 148.981416   0.02684883
  524288 148.972126   0.02685066
  524291 148.979372   0.02684951
  786429 149.190063   0.04021700
  786432 149.207881   0.04021235
  786435 149.211694   0.04021148
 1048573 150.463151   0.05316901
 1048576 153.137918   0.05224049
 1048579 151.191017   0.05291335
 1572861 155.287901   0.07727567
 1572864 155.114952   0.07736198
 1572867 155.118834   0.07736019
 2097149 156.146852   0.10246750
 2097152 156.145319   0.10246865
 2097155 156.418502   0.10228984
 3145725 155.142855   0.15469599
 3145728 154.684201   0.15515482
 3145731 154.678010   0.15516118
 4194301 154.857594   0.20664132
 4194304 154.994211   0.20645932
 4194307 154.993308   0.20646067
 6291453 155.282773   0.30911334
 6291456 155.287638   0.30910381
 6291459 154.829623   0.31001834
 8388605 154.602822   0.41396383
 8388608 154.383715   0.41455150
 8388611 154.828717   0.41336016
