       1 1.541185   0.00000495
       2 3.079752   0.00000495
       3 4.594458   0.00000498
       4 6.151042   0.00000496
       6 9.245996   0.00000495
       8 12.276816   0.00000497
      12 18.349837   0.00000499
      13 19.889993   0.00000499
      16 24.361712   0.00000501
      19 28.768463   0.00000504
      21 31.919176   0.00000502
      24 36.340085   0.00000504
      27 40.570101   0.00000508
      29 43.785760   0.00000505
      32 47.380840   0.00000515
      35 51.734303   0.00000516
      45 66.358480   0.00000517
      48 61.041489   0.00000600
      51 64.434740   0.00000604
      61 76.817375   0.00000606
      64 80.025495   0.00000610
      67 83.926139   0.00000609
      93 114.385978   0.00000620
      96 116.982439   0.00000626
      99 120.030944   0.00000629
     125 150.448671   0.00000634
     128 152.615432   0.00000640
     131 156.501281   0.00000639
     189 217.995721   0.00000661
     192 221.223863   0.00000662
     195 225.249679   0.00000660
     253 282.659242   0.00000683
     256 288.017897   0.00000678
     259 289.239628   0.00000683
     381 399.777238   0.00000727
     384 404.198489   0.00000725
     387 403.545793   0.00000732
     509 501.256920   0.00000775
     512 505.858145   0.00000772
     515 502.769173   0.00000781
     765 676.669897   0.00000863
     768 681.618189   0.00000860
     771 676.336310   0.00000870
    1021 810.180841   0.00000961
    1024 812.531222   0.00000962
    1027 824.944906   0.00000950
    1533 1126.272677   0.00001038
    1536 1142.740629   0.00001025
    1539 1131.490347   0.00001038
    2045 1388.457938   0.00001124
    2048 1359.718164   0.00001149
    2051 1386.333746   0.00001129
    3069 1752.688641   0.00001336
    3072 1754.104080   0.00001336
    3075 1736.273115   0.00001351
    4093 2081.468075   0.00001500
    4096 2015.114865   0.00001551
    4099 2062.938083   0.00001516
    6141 2466.704392   0.00001899
    6144 2484.845492   0.00001886
    6147 2422.862417   0.00001936
    8189 2701.307702   0.00002313
    8192 2749.052786   0.00002274
    8195 2681.592589   0.00002332
   12285 2273.488046   0.00004123
   12288 2337.551137   0.00004011
   12291 2281.701086   0.00004110
   16381 2425.755479   0.00005152
   16384 2492.137867   0.00005016
   16387 2422.596945   0.00005161
   24573 2738.192568   0.00006847
   24576 2789.457258   0.00006722
   24579 2739.817280   0.00006844
   32765 2930.782732   0.00008529
   32768 2973.532077   0.00008408
   32771 2936.390355   0.00008515
   49149 3097.454223   0.00012106
   49152 3117.062361   0.00012031
   49155 3089.593476   0.00012138
   65533 3206.105084   0.00015595
   65536 3218.797211   0.00015534
   65539 3199.455403   0.00015628
   98301 3854.955986   0.00019455
   98304 3870.592678   0.00019377
   98307 3850.868827   0.00019477
  131069 3996.821132   0.00025019
  131072 4001.085739   0.00024993
  131075 3992.100316   0.00025050
  196605 4397.172841   0.00034112
  196608 4391.493310   0.00034157
  196611 4401.841461   0.00034077
  262141 4562.936571   0.00043831
  262144 4561.276717   0.00043847
  262147 4574.004396   0.00043726
  393213 4576.803075   0.00065547
  393216 4576.551805   0.00065552
  393219 4590.356509   0.00065355
  524285 4455.784302   0.00089770
  524288 4459.222346   0.00089702
  524291 4459.150891   0.00089704
  786429 4496.076947   0.00133449
  786432 4495.133960   0.00133478
  786435 4493.611327   0.00133523
 1048573 4626.774971   0.00172906
 1048576 4627.764377   0.00172870
 1048579 4041.001486   0.00197971
 1572861 4109.832101   0.00291982
 1572864 4097.470225   0.00292864
 1572867 4073.390922   0.00294595
 2097149 4269.721663   0.00374731
 2097152 4281.204212   0.00373727
 2097155 4150.253463   0.00385519
 3145725 4276.700737   0.00561180
 3145728 4269.497286   0.00562127
 3145731 4205.834216   0.00570636
 4194301 4282.876234   0.00747161
 4194304 4280.891724   0.00747508
 4194307 4225.636130   0.00757283
 6291453 4314.185423   0.01112608
 6291456 4310.111303   0.01113660
 6291459 4268.534028   0.01124508
 8388605 4284.568540   0.01493732
 8388608 4293.433109   0.01490649
 8388611 4268.470169   0.01499367
